{"/Users/Beto/Documents/Projects/personal/meli-middleend/server.ts": {"path":"/Users/Beto/Documents/Projects/personal/meli-middleend/server.ts","statementMap":{"0":{"start":{"line":1,"column":0},"end":{"line":1,"column":29}},"1":{"start":{"line":2,"column":0},"end":{"line":2,"column":23}},"2":{"start":{"line":3,"column":0},"end":{"line":3,"column":36}},"3":{"start":{"line":4,"column":0},"end":{"line":4,"column":27}},"4":{"start":{"line":5,"column":0},"end":{"line":5,"column":42}},"5":{"start":{"line":6,"column":0},"end":{"line":6,"column":37}},"6":{"start":{"line":8,"column":0},"end":{"line":8,"column":60}},"7":{"start":{"line":9,"column":0},"end":{"line":9,"column":38}},"8":{"start":{"line":10,"column":0},"end":{"line":10,"column":83}},"9":{"start":{"line":19,"column":4},"end":{"line":19,"column":null}},"10":{"start":{"line":20,"column":4},"end":{"line":20,"column":null}},"11":{"start":{"line":23,"column":4},"end":{"line":23,"column":null}},"12":{"start":{"line":26,"column":4},"end":{"line":26,"column":null}},"13":{"start":{"line":29,"column":4},"end":{"line":29,"column":null}},"14":{"start":{"line":32,"column":20},"end":{"line":37,"column":6}},"15":{"start":{"line":38,"column":4},"end":{"line":38,"column":null}},"16":{"start":{"line":41,"column":4},"end":{"line":41,"column":null}},"17":{"start":{"line":44,"column":4},"end":{"line":44,"column":null}},"18":{"start":{"line":47,"column":4},"end":{"line":47,"column":null}},"19":{"start":{"line":50,"column":4},"end":{"line":50,"column":null}},"20":{"start":{"line":53,"column":4},"end":{"line":53,"column":null}},"21":{"start":{"line":55,"column":4},"end":{"line":55,"column":null}},"22":{"start":{"line":56,"column":4},"end":{"line":56,"column":null}},"23":{"start":{"line":57,"column":4},"end":{"line":57,"column":null}},"24":{"start":{"line":61,"column":4},"end":{"line":63,"column":null}},"25":{"start":{"line":62,"column":6},"end":{"line":62,"column":null}},"26":{"start":{"line":67,"column":4},"end":{"line":67,"column":null}},"27":{"start":{"line":71,"column":4},"end":{"line":71,"column":null}},"28":{"start":{"line":76,"column":4},"end":{"line":78,"column":null}},"29":{"start":{"line":77,"column":6},"end":{"line":77,"column":null}},"30":{"start":{"line":82,"column":0},"end":{"line":82,"column":null}}},"fnMap":{"0":{"name":"(anonymous_8)","decl":{"start":{"line":18,"column":2},"end":{"line":18,"column":14}},"loc":{"start":{"line":18,"column":85},"end":{"line":58,"column":3}}},"1":{"name":"(anonymous_9)","decl":{"start":{"line":60,"column":10},"end":{"line":60,"column":31}},"loc":{"start":{"line":60,"column":89},"end":{"line":64,"column":3}}},"2":{"name":"(anonymous_10)","decl":{"start":{"line":61,"column":24},"end":{"line":61,"column":25}},"loc":{"start":{"line":61,"column":78},"end":{"line":63,"column":5}}},"3":{"name":"(anonymous_11)","decl":{"start":{"line":66,"column":10},"end":{"line":66,"column":33}},"loc":{"start":{"line":66,"column":33},"end":{"line":68,"column":3}}},"4":{"name":"(anonymous_12)","decl":{"start":{"line":70,"column":16},"end":{"line":70,"column":28}},"loc":{"start":{"line":70,"column":28},"end":{"line":73,"column":null}}},"5":{"name":"(anonymous_14)","decl":{"start":{"line":75,"column":9},"end":{"line":75,"column":15}},"loc":{"start":{"line":75,"column":15},"end":{"line":79,"column":3}}},"6":{"name":"(anonymous_15)","decl":{"start":{"line":76,"column":31},"end":{"line":76,"column":34}},"loc":{"start":{"line":76,"column":36},"end":{"line":78,"column":5}}}},"branchMap":{},"s":{"0":2,"1":2,"2":2,"3":2,"4":2,"5":2,"6":2,"7":2,"8":2,"9":2,"10":2,"11":2,"12":2,"13":2,"14":2,"15":2,"16":2,"17":2,"18":2,"19":2,"20":2,"21":2,"22":2,"23":2,"24":2,"25":4,"26":2,"27":2,"28":0,"29":0,"30":2},"f":{"0":2,"1":2,"2":4,"3":2,"4":2,"5":0,"6":0},"b":{}}
,"/Users/Beto/Documents/Projects/personal/meli-middleend/src/api/items/controllers.ts": {"path":"/Users/Beto/Documents/Projects/personal/meli-middleend/src/api/items/controllers.ts","statementMap":{"0":{"start":{"line":1,"column":0},"end":{"line":1,"column":65}},"1":{"start":{"line":3,"column":0},"end":{"line":3,"column":91}},"2":{"start":{"line":5,"column":0},"end":{"line":5,"column":88}},"3":{"start":{"line":8,"column":0},"end":{"line":8,"column":43}},"4":{"start":{"line":14,"column":9},"end":{"line":14,"column":null}},"5":{"start":{"line":15,"column":9},"end":{"line":15,"column":null}},"6":{"start":{"line":38,"column":2},"end":{"line":89,"column":null}},"7":{"start":{"line":38,"column":74},"end":{"line":89,"column":null}},"8":{"start":{"line":39,"column":4},"end":{"line":88,"column":null}},"9":{"start":{"line":40,"column":33},"end":{"line":40,"column":42}},"10":{"start":{"line":41,"column":6},"end":{"line":41,"column":null}},"11":{"start":{"line":42,"column":6},"end":{"line":44,"column":null}},"12":{"start":{"line":43,"column":8},"end":{"line":43,"column":null}},"13":{"start":{"line":46,"column":25},"end":{"line":46,"column":71}},"14":{"start":{"line":47,"column":6},"end":{"line":47,"column":null}},"15":{"start":{"line":48,"column":6},"end":{"line":50,"column":null}},"16":{"start":{"line":49,"column":8},"end":{"line":49,"column":null}},"17":{"start":{"line":52,"column":33},"end":{"line":52,"column":35}},"18":{"start":{"line":53,"column":6},"end":{"line":62,"column":null}},"19":{"start":{"line":53,"column":31},"end":{"line":53,"column":null}},"20":{"start":{"line":53,"column":27},"end":{"line":53,"column":31}},"21":{"start":{"line":54,"column":21},"end":{"line":54,"column":60}},"22":{"start":{"line":55,"column":8},"end":{"line":57,"column":null}},"23":{"start":{"line":56,"column":10},"end":{"line":56,"column":16}},"24":{"start":{"line":59,"column":8},"end":{"line":61,"column":null}},"25":{"start":{"line":60,"column":88},"end":{"line":60,"column":92}},"26":{"start":{"line":63,"column":21},"end":{"line":63,"column":36}},"27":{"start":{"line":64,"column":40},"end":{"line":82,"column":null}},"28":{"start":{"line":67,"column":64},"end":{"line":80,"column":10}},"29":{"start":{"line":83,"column":6},"end":{"line":83,"column":null}},"30":{"start":{"line":84,"column":6},"end":{"line":84,"column":null}},"31":{"start":{"line":86,"column":6},"end":{"line":86,"column":null}},"32":{"start":{"line":87,"column":6},"end":{"line":87,"column":null}},"33":{"start":{"line":98,"column":2},"end":{"line":152,"column":null}},"34":{"start":{"line":98,"column":73},"end":{"line":152,"column":null}},"35":{"start":{"line":99,"column":4},"end":{"line":151,"column":null}},"36":{"start":{"line":100,"column":21},"end":{"line":100,"column":31}},"37":{"start":{"line":101,"column":39},"end":{"line":101,"column":41}},"38":{"start":{"line":103,"column":6},"end":{"line":103,"column":null}},"39":{"start":{"line":105,"column":6},"end":{"line":107,"column":null}},"40":{"start":{"line":106,"column":8},"end":{"line":106,"column":null}},"41":{"start":{"line":109,"column":6},"end":{"line":111,"column":null}},"42":{"start":{"line":110,"column":8},"end":{"line":110,"column":null}},"43":{"start":{"line":113,"column":31},"end":{"line":113,"column":52}},"44":{"start":{"line":115,"column":21},"end":{"line":115,"column":53}},"45":{"start":{"line":116,"column":21},"end":{"line":116,"column":60}},"46":{"start":{"line":117,"column":6},"end":{"line":123,"column":null}},"47":{"start":{"line":122,"column":8},"end":{"line":122,"column":null}},"48":{"start":{"line":124,"column":21},"end":{"line":124,"column":36}},"49":{"start":{"line":125,"column":38},"end":{"line":145,"column":null}},"50":{"start":{"line":127,"column":81},"end":{"line":127,"column":85}},"51":{"start":{"line":146,"column":6},"end":{"line":146,"column":null}},"52":{"start":{"line":147,"column":6},"end":{"line":147,"column":null}},"53":{"start":{"line":149,"column":6},"end":{"line":149,"column":null}},"54":{"start":{"line":150,"column":6},"end":{"line":150,"column":null}},"55":{"start":{"line":18,"column":4},"end":{"line":18,"column":null}},"56":{"start":{"line":25,"column":4},"end":{"line":25,"column":null}},"57":{"start":{"line":27,"column":4},"end":{"line":27,"column":null}},"58":{"start":{"line":155,"column":0},"end":{"line":155,"column":null}}},"fnMap":{"0":{"name":"(anonymous_14)","decl":{"start":{"line":17,"column":2},"end":{"line":17,"column":null}},"loc":{"start":{"line":17,"column":2},"end":{"line":19,"column":3}}},"1":{"name":"(anonymous_15)","decl":{"start":{"line":38,"column":16},"end":{"line":38,"column":23}},"loc":{"start":{"line":38,"column":74},"end":{"line":89,"column":null}}},"2":{"name":"(anonymous_16)","decl":{"start":{"line":38,"column":74},"end":{"line":38,"column":null}},"loc":{"start":{"line":38,"column":74},"end":{"line":89,"column":3}}},"3":{"name":"(anonymous_17)","decl":{"start":{"line":60,"column":58},"end":{"line":60,"column":59}},"loc":{"start":{"line":60,"column":88},"end":{"line":60,"column":92}}},"4":{"name":"(anonymous_18)","decl":{"start":{"line":67,"column":43},"end":{"line":67,"column":44}},"loc":{"start":{"line":67,"column":64},"end":{"line":80,"column":10}}},"5":{"name":"(anonymous_19)","decl":{"start":{"line":98,"column":15},"end":{"line":98,"column":22}},"loc":{"start":{"line":98,"column":73},"end":{"line":152,"column":null}}},"6":{"name":"(anonymous_20)","decl":{"start":{"line":98,"column":73},"end":{"line":98,"column":null}},"loc":{"start":{"line":98,"column":73},"end":{"line":152,"column":3}}},"7":{"name":"(anonymous_21)","decl":{"start":{"line":127,"column":51},"end":{"line":127,"column":52}},"loc":{"start":{"line":127,"column":81},"end":{"line":127,"column":85}}},"8":{"name":"(anonymous_22)","decl":{"start":{"line":24,"column":9},"end":{"line":24,"column":24}},"loc":{"start":{"line":24,"column":24},"end":{"line":28,"column":3}}}},"branchMap":{"0":{"loc":{"start":{"line":42,"column":6},"end":{"line":44,"column":null}},"type":"if","locations":[{"start":{"line":42,"column":6},"end":{"line":44,"column":null}}]},"1":{"loc":{"start":{"line":48,"column":6},"end":{"line":50,"column":null}},"type":"if","locations":[{"start":{"line":48,"column":6},"end":{"line":50,"column":null}}]},"2":{"loc":{"start":{"line":48,"column":10},"end":{"line":48,"column":57}},"type":"binary-expr","locations":[{"start":{"line":48,"column":10},"end":{"line":48,"column":28}},{"start":{"line":48,"column":32},"end":{"line":48,"column":57}}]},"3":{"loc":{"start":{"line":55,"column":8},"end":{"line":57,"column":null}},"type":"if","locations":[{"start":{"line":55,"column":8},"end":{"line":57,"column":null}}]},"4":{"loc":{"start":{"line":55,"column":12},"end":{"line":55,"column":47}},"type":"binary-expr","locations":[{"start":{"line":55,"column":12},"end":{"line":55,"column":24}},{"start":{"line":55,"column":28},"end":{"line":55,"column":47}}]},"5":{"loc":{"start":{"line":105,"column":6},"end":{"line":107,"column":null}},"type":"if","locations":[{"start":{"line":105,"column":6},"end":{"line":107,"column":null}}]},"6":{"loc":{"start":{"line":109,"column":6},"end":{"line":111,"column":null}},"type":"if","locations":[{"start":{"line":109,"column":6},"end":{"line":111,"column":null}}]},"7":{"loc":{"start":{"line":117,"column":6},"end":{"line":123,"column":null}},"type":"if","locations":[{"start":{"line":117,"column":6},"end":{"line":123,"column":null}}]},"8":{"loc":{"start":{"line":118,"column":8},"end":{"line":120,"column":49}},"type":"binary-expr","locations":[{"start":{"line":118,"column":9},"end":{"line":118,"column":16}},{"start":{"line":118,"column":20},"end":{"line":118,"column":34}},{"start":{"line":119,"column":9},"end":{"line":119,"column":23}},{"start":{"line":119,"column":27},"end":{"line":119,"column":48}},{"start":{"line":120,"column":9},"end":{"line":120,"column":23}},{"start":{"line":120,"column":27},"end":{"line":120,"column":48}}]},"9":{"loc":{"start":{"line":137,"column":12},"end":{"line":139,"column":38}},"type":"cond-expr","locations":[{"start":{"line":138,"column":16},"end":{"line":138,"column":36}},{"start":{"line":139,"column":16},"end":{"line":139,"column":38}}]},"10":{"loc":{"start":{"line":137,"column":12},"end":{"line":137,"column":68}},"type":"binary-expr","locations":[{"start":{"line":137,"column":12},"end":{"line":137,"column":40}},{"start":{"line":137,"column":44},"end":{"line":137,"column":68}}]}},"s":{"0":2,"1":2,"2":2,"3":2,"4":2,"5":2,"6":2,"7":3,"8":3,"9":3,"10":3,"11":3,"12":1,"13":2,"14":2,"15":2,"16":0,"17":2,"18":2,"19":2,"20":4,"21":4,"22":4,"23":0,"24":4,"25":16,"26":2,"27":2,"28":4,"29":2,"30":2,"31":1,"32":1,"33":2,"34":4,"35":4,"36":4,"37":4,"38":4,"39":4,"40":1,"41":4,"42":1,"43":3,"44":1,"45":1,"46":1,"47":0,"48":1,"49":1,"50":4,"51":1,"52":1,"53":3,"54":3,"55":2,"56":2,"57":2,"58":2},"f":{"0":2,"1":3,"2":3,"3":16,"4":4,"5":4,"6":4,"7":4,"8":2},"b":{"0":[1],"1":[0],"2":[2,2],"3":[0],"4":[4,4],"5":[1],"6":[1],"7":[0],"8":[1,1,0,0,0,0],"9":[1,0],"10":[1,1]}}
,"/Users/Beto/Documents/Projects/personal/meli-middleend/src/api/purchases/controllers.ts": {"path":"/Users/Beto/Documents/Projects/personal/meli-middleend/src/api/purchases/controllers.ts","statementMap":{"0":{"start":{"line":1,"column":0},"end":{"line":1,"column":65}},"1":{"start":{"line":2,"column":0},"end":{"line":2,"column":48}},"2":{"start":{"line":3,"column":0},"end":{"line":3,"column":50}},"3":{"start":{"line":5,"column":0},"end":{"line":5,"column":85}},"4":{"start":{"line":8,"column":0},"end":{"line":8,"column":60}},"5":{"start":{"line":10,"column":0},"end":{"line":10,"column":36}},"6":{"start":{"line":16,"column":9},"end":{"line":16,"column":null}},"7":{"start":{"line":17,"column":9},"end":{"line":17,"column":null}},"8":{"start":{"line":41,"column":2},"end":{"line":50,"column":null}},"9":{"start":{"line":41,"column":76},"end":{"line":50,"column":null}},"10":{"start":{"line":42,"column":4},"end":{"line":49,"column":null}},"11":{"start":{"line":43,"column":22},"end":{"line":43,"column":39}},"12":{"start":{"line":44,"column":6},"end":{"line":44,"column":null}},"13":{"start":{"line":45,"column":6},"end":{"line":45,"column":null}},"14":{"start":{"line":47,"column":6},"end":{"line":47,"column":null}},"15":{"start":{"line":48,"column":6},"end":{"line":48,"column":null}},"16":{"start":{"line":59,"column":2},"end":{"line":77,"column":null}},"17":{"start":{"line":59,"column":78},"end":{"line":77,"column":null}},"18":{"start":{"line":60,"column":4},"end":{"line":76,"column":null}},"19":{"start":{"line":61,"column":6},"end":{"line":63,"column":null}},"20":{"start":{"line":62,"column":8},"end":{"line":62,"column":null}},"21":{"start":{"line":65,"column":6},"end":{"line":67,"column":null}},"22":{"start":{"line":66,"column":8},"end":{"line":66,"column":null}},"23":{"start":{"line":69,"column":17},"end":{"line":69,"column":31}},"24":{"start":{"line":70,"column":22},"end":{"line":70,"column":47}},"25":{"start":{"line":71,"column":6},"end":{"line":71,"column":null}},"26":{"start":{"line":72,"column":6},"end":{"line":72,"column":null}},"27":{"start":{"line":74,"column":6},"end":{"line":74,"column":null}},"28":{"start":{"line":75,"column":6},"end":{"line":75,"column":null}},"29":{"start":{"line":86,"column":2},"end":{"line":112,"column":null}},"30":{"start":{"line":86,"column":77},"end":{"line":112,"column":null}},"31":{"start":{"line":87,"column":4},"end":{"line":111,"column":null}},"32":{"start":{"line":88,"column":6},"end":{"line":88,"column":null}},"33":{"start":{"line":89,"column":19},"end":{"line":89,"column":27}},"34":{"start":{"line":90,"column":26},"end":{"line":90,"column":57}},"35":{"start":{"line":91,"column":6},"end":{"line":97,"column":null}},"36":{"start":{"line":96,"column":8},"end":{"line":96,"column":null}},"37":{"start":{"line":98,"column":6},"end":{"line":98,"column":null}},"38":{"start":{"line":100,"column":24},"end":{"line":100,"column":58}},"39":{"start":{"line":101,"column":6},"end":{"line":101,"column":null}},"40":{"start":{"line":102,"column":6},"end":{"line":106,"column":null}},"41":{"start":{"line":103,"column":8},"end":{"line":103,"column":null}},"42":{"start":{"line":105,"column":8},"end":{"line":105,"column":null}},"43":{"start":{"line":107,"column":6},"end":{"line":107,"column":null}},"44":{"start":{"line":109,"column":6},"end":{"line":109,"column":null}},"45":{"start":{"line":110,"column":6},"end":{"line":110,"column":null}},"46":{"start":{"line":20,"column":4},"end":{"line":20,"column":null}},"47":{"start":{"line":27,"column":4},"end":{"line":27,"column":null}},"48":{"start":{"line":29,"column":4},"end":{"line":29,"column":null}},"49":{"start":{"line":31,"column":4},"end":{"line":31,"column":null}},"50":{"start":{"line":115,"column":0},"end":{"line":115,"column":null}}},"fnMap":{"0":{"name":"(anonymous_7)","decl":{"start":{"line":19,"column":2},"end":{"line":19,"column":null}},"loc":{"start":{"line":19,"column":2},"end":{"line":21,"column":3}}},"1":{"name":"(anonymous_8)","decl":{"start":{"line":41,"column":17},"end":{"line":41,"column":24}},"loc":{"start":{"line":41,"column":76},"end":{"line":50,"column":null}}},"2":{"name":"(anonymous_9)","decl":{"start":{"line":41,"column":76},"end":{"line":41,"column":null}},"loc":{"start":{"line":41,"column":76},"end":{"line":50,"column":3}}},"3":{"name":"(anonymous_10)","decl":{"start":{"line":59,"column":20},"end":{"line":59,"column":27}},"loc":{"start":{"line":59,"column":78},"end":{"line":77,"column":null}}},"4":{"name":"(anonymous_11)","decl":{"start":{"line":59,"column":78},"end":{"line":59,"column":null}},"loc":{"start":{"line":59,"column":78},"end":{"line":77,"column":3}}},"5":{"name":"(anonymous_12)","decl":{"start":{"line":86,"column":19},"end":{"line":86,"column":26}},"loc":{"start":{"line":86,"column":77},"end":{"line":112,"column":null}}},"6":{"name":"(anonymous_13)","decl":{"start":{"line":86,"column":77},"end":{"line":86,"column":null}},"loc":{"start":{"line":86,"column":77},"end":{"line":112,"column":3}}},"7":{"name":"(anonymous_14)","decl":{"start":{"line":95,"column":15},"end":{"line":95,"column":16}},"loc":{"start":{"line":95,"column":30},"end":{"line":97,"column":7}}},"8":{"name":"(anonymous_15)","decl":{"start":{"line":26,"column":9},"end":{"line":26,"column":24}},"loc":{"start":{"line":26,"column":24},"end":{"line":32,"column":3}}}},"branchMap":{"0":{"loc":{"start":{"line":61,"column":6},"end":{"line":63,"column":null}},"type":"if","locations":[{"start":{"line":61,"column":6},"end":{"line":63,"column":null}}]},"1":{"loc":{"start":{"line":65,"column":6},"end":{"line":67,"column":null}},"type":"if","locations":[{"start":{"line":65,"column":6},"end":{"line":67,"column":null}}]},"2":{"loc":{"start":{"line":102,"column":6},"end":{"line":106,"column":null}},"type":"if","locations":[{"start":{"line":102,"column":6},"end":{"line":106,"column":null}},{"start":{"line":104,"column":13},"end":{"line":106,"column":null}}]}},"s":{"0":2,"1":2,"2":2,"3":2,"4":2,"5":2,"6":2,"7":2,"8":2,"9":2,"10":2,"11":2,"12":2,"13":2,"14":0,"15":0,"16":2,"17":4,"18":4,"19":4,"20":0,"21":4,"22":2,"23":2,"24":2,"25":1,"26":1,"27":3,"28":3,"29":2,"30":3,"31":3,"32":3,"33":3,"34":3,"35":3,"36":1,"37":2,"38":2,"39":1,"40":1,"41":0,"42":1,"43":1,"44":2,"45":2,"46":2,"47":2,"48":2,"49":2,"50":2},"f":{"0":2,"1":2,"2":2,"3":4,"4":4,"5":3,"6":3,"7":1,"8":2},"b":{"0":[0],"1":[2],"2":[0,1]}}
,"/Users/Beto/Documents/Projects/personal/meli-middleend/src/api/purchases/models.ts": {"path":"/Users/Beto/Documents/Projects/personal/meli-middleend/src/api/purchases/models.ts","statementMap":{"0":{"start":{"line":5,"column":0},"end":{"line":5,"column":86}},"1":{"start":{"line":6,"column":0},"end":{"line":6,"column":46}},"2":{"start":{"line":7,"column":0},"end":{"line":7,"column":50}},"3":{"start":{"line":12,"column":0},"end":{"line":32,"column":null}},"4":{"start":{"line":14,"column":2},"end":{"line":14,"column":null}},"5":{"start":{"line":17,"column":2},"end":{"line":17,"column":null}},"6":{"start":{"line":20,"column":2},"end":{"line":20,"column":null}},"7":{"start":{"line":23,"column":2},"end":{"line":23,"column":null}},"8":{"start":{"line":28,"column":2},"end":{"line":28,"column":null}},"9":{"start":{"line":27,"column":19},"end":{"line":27,"column":28}},"10":{"start":{"line":27,"column":51},"end":{"line":27,"column":65}},"11":{"start":{"line":31,"column":2},"end":{"line":31,"column":null}},"12":{"start":{"line":30,"column":19},"end":{"line":30,"column":38}},"13":{"start":{"line":30,"column":73},"end":{"line":30,"column":88}},"14":{"start":{"line":12,"column":13},"end":{"line":32,"column":null}},"15":{"start":{"line":12,"column":13},"end":{"line":12,"column":26}},"16":{"start":{"line":35,"column":0},"end":{"line":68,"column":null}},"17":{"start":{"line":37,"column":2},"end":{"line":37,"column":null}},"18":{"start":{"line":40,"column":2},"end":{"line":40,"column":null}},"19":{"start":{"line":43,"column":2},"end":{"line":43,"column":null}},"20":{"start":{"line":46,"column":2},"end":{"line":46,"column":null}},"21":{"start":{"line":49,"column":2},"end":{"line":49,"column":null}},"22":{"start":{"line":52,"column":2},"end":{"line":52,"column":null}},"23":{"start":{"line":55,"column":2},"end":{"line":55,"column":null}},"24":{"start":{"line":58,"column":2},"end":{"line":58,"column":null}},"25":{"start":{"line":61,"column":2},"end":{"line":61,"column":null}},"26":{"start":{"line":64,"column":2},"end":{"line":64,"column":null}},"27":{"start":{"line":67,"column":2},"end":{"line":67,"column":null}},"28":{"start":{"line":66,"column":19},"end":{"line":66,"column":32}},"29":{"start":{"line":66,"column":63},"end":{"line":66,"column":79}},"30":{"start":{"line":35,"column":13},"end":{"line":68,"column":null}},"31":{"start":{"line":35,"column":13},"end":{"line":35,"column":32}}},"fnMap":{"0":{"name":"(anonymous_2)","decl":{"start":{"line":27,"column":13},"end":{"line":27,"column":16}},"loc":{"start":{"line":27,"column":19},"end":{"line":27,"column":28}}},"1":{"name":"(anonymous_3)","decl":{"start":{"line":27,"column":30},"end":{"line":27,"column":31}},"loc":{"start":{"line":27,"column":51},"end":{"line":27,"column":65}}},"2":{"name":"(anonymous_4)","decl":{"start":{"line":30,"column":13},"end":{"line":30,"column":16}},"loc":{"start":{"line":30,"column":19},"end":{"line":30,"column":38}}},"3":{"name":"(anonymous_5)","decl":{"start":{"line":30,"column":40},"end":{"line":30,"column":41}},"loc":{"start":{"line":30,"column":73},"end":{"line":30,"column":88}}},"4":{"name":"(anonymous_6)","decl":{"start":{"line":66,"column":13},"end":{"line":66,"column":16}},"loc":{"start":{"line":66,"column":19},"end":{"line":66,"column":32}}},"5":{"name":"(anonymous_7)","decl":{"start":{"line":66,"column":34},"end":{"line":66,"column":35}},"loc":{"start":{"line":66,"column":63},"end":{"line":66,"column":79}}}},"branchMap":{},"s":{"0":2,"1":2,"2":2,"3":2,"4":2,"5":2,"6":2,"7":2,"8":2,"9":2,"10":2,"11":2,"12":2,"13":2,"14":2,"15":2,"16":2,"17":2,"18":2,"19":2,"20":2,"21":2,"22":2,"23":2,"24":2,"25":2,"26":2,"27":2,"28":2,"29":2,"30":2,"31":2},"f":{"0":2,"1":2,"2":2,"3":2,"4":2,"5":2},"b":{}}
,"/Users/Beto/Documents/Projects/personal/meli-middleend/src/api/users/models.ts": {"path":"/Users/Beto/Documents/Projects/personal/meli-middleend/src/api/users/models.ts","statementMap":{"0":{"start":{"line":4,"column":0},"end":{"line":4,"column":75}},"1":{"start":{"line":5,"column":0},"end":{"line":5,"column":52}},"2":{"start":{"line":6,"column":0},"end":{"line":6,"column":51}},"3":{"start":{"line":9,"column":0},"end":{"line":21,"column":null}},"4":{"start":{"line":11,"column":2},"end":{"line":11,"column":null}},"5":{"start":{"line":14,"column":2},"end":{"line":14,"column":null}},"6":{"start":{"line":17,"column":2},"end":{"line":17,"column":null}},"7":{"start":{"line":20,"column":2},"end":{"line":20,"column":null}},"8":{"start":{"line":19,"column":19},"end":{"line":19,"column":32}},"9":{"start":{"line":19,"column":63},"end":{"line":19,"column":76}},"10":{"start":{"line":9,"column":13},"end":{"line":21,"column":null}},"11":{"start":{"line":9,"column":13},"end":{"line":9,"column":22}}},"fnMap":{"0":{"name":"(anonymous_2)","decl":{"start":{"line":19,"column":13},"end":{"line":19,"column":16}},"loc":{"start":{"line":19,"column":19},"end":{"line":19,"column":32}}},"1":{"name":"(anonymous_3)","decl":{"start":{"line":19,"column":34},"end":{"line":19,"column":35}},"loc":{"start":{"line":19,"column":63},"end":{"line":19,"column":76}}}},"branchMap":{},"s":{"0":2,"1":2,"2":2,"3":2,"4":2,"5":2,"6":2,"7":2,"8":2,"9":2,"10":2,"11":2},"f":{"0":2,"1":2},"b":{}}
,"/Users/Beto/Documents/Projects/personal/meli-middleend/src/db-config/index.ts": {"path":"/Users/Beto/Documents/Projects/personal/meli-middleend/src/db-config/index.ts","statementMap":{"0":{"start":{"line":1,"column":0},"end":{"line":1,"column":25}},"1":{"start":{"line":2,"column":0},"end":{"line":2,"column":51}},"2":{"start":{"line":3,"column":0},"end":{"line":3,"column":63}},"3":{"start":{"line":5,"column":0},"end":{"line":5,"column":27}},"4":{"start":{"line":6,"column":0},"end":{"line":6,"column":null}},"5":{"start":{"line":14,"column":0},"end":{"line":14,"column":24}},"6":{"start":{"line":15,"column":0},"end":{"line":15,"column":22}},"7":{"start":{"line":22,"column":13},"end":{"line":36,"column":null}},"8":{"start":{"line":38,"column":19},"end":{"line":38,"column":45}},"9":{"start":{"line":44,"column":32},"end":{"line":50,"column":null}},"10":{"start":{"line":44,"column":67},"end":{"line":50,"column":null}},"11":{"start":{"line":45,"column":2},"end":{"line":45,"column":null}},"12":{"start":{"line":45,"column":21},"end":{"line":45,"column":null}},"13":{"start":{"line":47,"column":22},"end":{"line":47,"column":38}},"14":{"start":{"line":48,"column":2},"end":{"line":48,"column":null}},"15":{"start":{"line":49,"column":2},"end":{"line":49,"column":null}},"16":{"start":{"line":44,"column":13},"end":{"line":44,"column":32}},"17":{"start":{"line":52,"column":0},"end":{"line":52,"column":null}}},"fnMap":{"0":{"name":"(anonymous_11)","decl":{"start":{"line":44,"column":32},"end":{"line":44,"column":65}},"loc":{"start":{"line":44,"column":67},"end":{"line":50,"column":null}}},"1":{"name":"(anonymous_12)","decl":{"start":{"line":44,"column":67},"end":{"line":44,"column":null}},"loc":{"start":{"line":44,"column":67},"end":{"line":50,"column":1}}}},"branchMap":{"0":{"loc":{"start":{"line":45,"column":2},"end":{"line":45,"column":null}},"type":"if","locations":[{"start":{"line":45,"column":2},"end":{"line":45,"column":null}}]}},"s":{"0":2,"1":2,"2":2,"3":2,"4":2,"5":2,"6":2,"7":2,"8":2,"9":2,"10":15,"11":15,"12":13,"13":2,"14":2,"15":2,"16":2,"17":2},"f":{"0":15,"1":15},"b":{"0":[13]}}
,"/Users/Beto/Documents/Projects/personal/meli-middleend/src/middleware/error-handler.ts": {"path":"/Users/Beto/Documents/Projects/personal/meli-middleend/src/middleware/error-handler.ts","statementMap":{"0":{"start":{"line":2,"column":0},"end":{"line":2,"column":49}},"1":{"start":{"line":3,"column":0},"end":{"line":3,"column":42}},"2":{"start":{"line":5,"column":0},"end":{"line":5,"column":55}},"3":{"start":{"line":24,"column":28},"end":{"line":97,"column":1}},"4":{"start":{"line":30,"column":2},"end":{"line":41,"column":null}},"5":{"start":{"line":31,"column":4},"end":{"line":38,"column":null}},"6":{"start":{"line":40,"column":4},"end":{"line":40,"column":null}},"7":{"start":{"line":46,"column":2},"end":{"line":67,"column":null}},"8":{"start":{"line":47,"column":38},"end":{"line":47,"column":40}},"9":{"start":{"line":49,"column":4},"end":{"line":55,"column":null}},"10":{"start":{"line":50,"column":6},"end":{"line":54,"column":null}},"11":{"start":{"line":51,"column":8},"end":{"line":53,"column":null}},"12":{"start":{"line":52,"column":10},"end":{"line":52,"column":null}},"13":{"start":{"line":57,"column":4},"end":{"line":64,"column":null}},"14":{"start":{"line":66,"column":4},"end":{"line":66,"column":null}},"15":{"start":{"line":71,"column":16},"end":{"line":71,"column":36}},"16":{"start":{"line":72,"column":2},"end":{"line":84,"column":null}},"17":{"start":{"line":73,"column":4},"end":{"line":80,"column":null}},"18":{"start":{"line":82,"column":4},"end":{"line":82,"column":null}},"19":{"start":{"line":86,"column":17},"end":{"line":86,"column":29}},"20":{"start":{"line":87,"column":2},"end":{"line":94,"column":null}},"21":{"start":{"line":96,"column":2},"end":{"line":96,"column":null}},"22":{"start":{"line":24,"column":13},"end":{"line":24,"column":28}}},"fnMap":{"0":{"name":"(anonymous_0)","decl":{"start":{"line":24,"column":28},"end":{"line":24,"column":29}},"loc":{"start":{"line":24,"column":80},"end":{"line":97,"column":1}}},"1":{"name":"(anonymous_1)","decl":{"start":{"line":51,"column":45},"end":{"line":51,"column":46}},"loc":{"start":{"line":51,"column":70},"end":{"line":53,"column":9}}}},"branchMap":{"0":{"loc":{"start":{"line":30,"column":2},"end":{"line":41,"column":null}},"type":"if","locations":[{"start":{"line":30,"column":2},"end":{"line":41,"column":null}}]},"1":{"loc":{"start":{"line":35,"column":14},"end":{"line":35,"column":42}},"type":"binary-expr","locations":[{"start":{"line":35,"column":14},"end":{"line":35,"column":25}},{"start":{"line":35,"column":29},"end":{"line":35,"column":42}}]},"2":{"loc":{"start":{"line":37,"column":13},"end":{"line":37,"column":23}},"type":"cond-expr","locations":[{"start":{"line":37,"column":16},"end":{"line":37,"column":18}},{"start":{"line":37,"column":13},"end":{"line":37,"column":23}}]},"3":{"loc":{"start":{"line":37,"column":13},"end":{"line":37,"column":18}},"type":"binary-expr","locations":[{"start":{"line":37,"column":13},"end":{"line":37,"column":18}},{"start":{"line":37,"column":13},"end":{"line":37,"column":18}}]},"4":{"loc":{"start":{"line":46,"column":2},"end":{"line":67,"column":null}},"type":"if","locations":[{"start":{"line":46,"column":2},"end":{"line":67,"column":null}}]},"5":{"loc":{"start":{"line":46,"column":6},"end":{"line":46,"column":63}},"type":"binary-expr","locations":[{"start":{"line":46,"column":6},"end":{"line":46,"column":26}},{"start":{"line":46,"column":30},"end":{"line":46,"column":63}}]},"6":{"loc":{"start":{"line":50,"column":6},"end":{"line":54,"column":null}},"type":"if","locations":[{"start":{"line":50,"column":6},"end":{"line":54,"column":null}}]},"7":{"loc":{"start":{"line":72,"column":2},"end":{"line":84,"column":null}},"type":"if","locations":[{"start":{"line":72,"column":2},"end":{"line":84,"column":null}}]},"8":{"loc":{"start":{"line":72,"column":6},"end":{"line":72,"column":62}},"type":"binary-expr","locations":[{"start":{"line":72,"column":6},"end":{"line":72,"column":22}},{"start":{"line":72,"column":26},"end":{"line":72,"column":62}}]},"9":{"loc":{"start":{"line":76,"column":13},"end":{"line":76,"column":48}},"type":"cond-expr","locations":[{"start":{"line":76,"column":28},"end":{"line":76,"column":30}},{"start":{"line":76,"column":28},"end":{"line":76,"column":48}}]},"10":{"loc":{"start":{"line":76,"column":13},"end":{"line":76,"column":30}},"type":"binary-expr","locations":[{"start":{"line":76,"column":13},"end":{"line":76,"column":30}},{"start":{"line":76,"column":28},"end":{"line":76,"column":30}}]},"11":{"loc":{"start":{"line":77,"column":14},"end":{"line":77,"column":64}},"type":"binary-expr","locations":[{"start":{"line":77,"column":14},"end":{"line":77,"column":28}},{"start":{"line":77,"column":32},"end":{"line":77,"column":44}},{"start":{"line":77,"column":48},"end":{"line":77,"column":64}}]},"12":{"loc":{"start":{"line":77,"column":14},"end":{"line":77,"column":28}},"type":"cond-expr","locations":[{"start":{"line":77,"column":19},"end":{"line":77,"column":21}},{"start":{"line":77,"column":14},"end":{"line":77,"column":28}}]},"13":{"loc":{"start":{"line":77,"column":14},"end":{"line":77,"column":21}},"type":"binary-expr","locations":[{"start":{"line":77,"column":14},"end":{"line":77,"column":21}},{"start":{"line":77,"column":14},"end":{"line":77,"column":21}}]},"14":{"loc":{"start":{"line":79,"column":13},"end":{"line":79,"column":25}},"type":"cond-expr","locations":[{"start":{"line":79,"column":18},"end":{"line":79,"column":20}},{"start":{"line":79,"column":13},"end":{"line":79,"column":25}}]},"15":{"loc":{"start":{"line":79,"column":13},"end":{"line":79,"column":20}},"type":"binary-expr","locations":[{"start":{"line":79,"column":13},"end":{"line":79,"column":20}},{"start":{"line":79,"column":13},"end":{"line":79,"column":20}}]},"16":{"loc":{"start":{"line":91,"column":12},"end":{"line":91,"column":38}},"type":"binary-expr","locations":[{"start":{"line":91,"column":12},"end":{"line":91,"column":27}},{"start":{"line":91,"column":31},"end":{"line":91,"column":38}}]},"17":{"loc":{"start":{"line":91,"column":12},"end":{"line":91,"column":27}},"type":"cond-expr","locations":[{"start":{"line":91,"column":18},"end":{"line":91,"column":20}},{"start":{"line":91,"column":12},"end":{"line":91,"column":27}}]},"18":{"loc":{"start":{"line":91,"column":12},"end":{"line":91,"column":20}},"type":"binary-expr","locations":[{"start":{"line":91,"column":12},"end":{"line":91,"column":20}},{"start":{"line":91,"column":12},"end":{"line":91,"column":20}}]},"19":{"loc":{"start":{"line":93,"column":11},"end":{"line":93,"column":24}},"type":"cond-expr","locations":[{"start":{"line":93,"column":17},"end":{"line":93,"column":19}},{"start":{"line":93,"column":11},"end":{"line":93,"column":24}}]},"20":{"loc":{"start":{"line":93,"column":11},"end":{"line":93,"column":19}},"type":"binary-expr","locations":[{"start":{"line":93,"column":11},"end":{"line":93,"column":19}},{"start":{"line":93,"column":11},"end":{"line":93,"column":19}}]}},"s":{"0":2,"1":2,"2":2,"3":2,"4":0,"5":0,"6":0,"7":0,"8":0,"9":0,"10":0,"11":0,"12":0,"13":0,"14":0,"15":0,"16":0,"17":0,"18":0,"19":0,"20":0,"21":0,"22":2},"f":{"0":0,"1":0},"b":{"0":[0],"1":[0,0],"2":[0,0],"3":[0,0],"4":[0],"5":[0,0],"6":[0],"7":[0],"8":[0,0],"9":[0,0],"10":[0,0],"11":[0,0,0],"12":[0,0],"13":[0,0],"14":[0,0],"15":[0,0],"16":[0,0],"17":[0,0],"18":[0,0],"19":[0,0],"20":[0,0]}}
,"/Users/Beto/Documents/Projects/personal/meli-middleend/src/utils/index.ts": {"path":"/Users/Beto/Documents/Projects/personal/meli-middleend/src/utils/index.ts","statementMap":{"0":{"start":{"line":1,"column":0},"end":{"line":1,"column":27}},"1":{"start":{"line":2,"column":0},"end":{"line":2,"column":22}},"2":{"start":{"line":3,"column":0},"end":{"line":3,"column":24}},"3":{"start":{"line":10,"column":28},"end":{"line":15,"column":1}},"4":{"start":{"line":11,"column":2},"end":{"line":13,"column":null}},"5":{"start":{"line":12,"column":4},"end":{"line":12,"column":null}},"6":{"start":{"line":14,"column":2},"end":{"line":14,"column":null}},"7":{"start":{"line":10,"column":13},"end":{"line":10,"column":28}}},"fnMap":{"0":{"name":"(anonymous_4)","decl":{"start":{"line":10,"column":28},"end":{"line":10,"column":29}},"loc":{"start":{"line":10,"column":54},"end":{"line":15,"column":1}}}},"branchMap":{"0":{"loc":{"start":{"line":11,"column":2},"end":{"line":13,"column":null}},"type":"if","locations":[{"start":{"line":11,"column":2},"end":{"line":13,"column":null}}]},"1":{"loc":{"start":{"line":11,"column":6},"end":{"line":11,"column":46}},"type":"binary-expr","locations":[{"start":{"line":11,"column":6},"end":{"line":11,"column":26}},{"start":{"line":11,"column":30},"end":{"line":11,"column":46}}]}},"s":{"0":2,"1":2,"2":2,"3":2,"4":3,"5":3,"6":0,"7":2},"f":{"0":3},"b":{"0":[3],"1":[3,3]}}
}
