TN:
SF:server.ts
FN:18,(anonymous_8)
FN:60,(anonymous_9)
FN:61,(anonymous_10)
FN:66,(anonymous_11)
FN:70,(anonymous_12)
FN:75,(anonymous_14)
FN:76,(anonymous_15)
FNF:7
FNH:5
FNDA:2,(anonymous_8)
FNDA:2,(anonymous_9)
FNDA:4,(anonymous_10)
FNDA:2,(anonymous_11)
FNDA:2,(anonymous_12)
FNDA:0,(anonymous_14)
FNDA:0,(anonymous_15)
DA:1,2
DA:2,2
DA:3,2
DA:4,2
DA:5,2
DA:6,2
DA:8,2
DA:9,2
DA:10,2
DA:19,2
DA:20,2
DA:23,2
DA:26,2
DA:29,2
DA:32,2
DA:38,2
DA:41,2
DA:44,2
DA:47,2
DA:50,2
DA:53,2
DA:55,2
DA:56,2
DA:57,2
DA:61,2
DA:62,4
DA:67,2
DA:71,2
DA:76,0
DA:77,0
DA:82,2
LF:31
LH:29
BRF:0
BRH:0
end_of_record
TN:
SF:src/api/items/controllers.ts
FN:17,(anonymous_14)
FN:38,(anonymous_15)
FN:38,(anonymous_16)
FN:60,(anonymous_17)
FN:67,(anonymous_18)
FN:98,(anonymous_19)
FN:98,(anonymous_20)
FN:127,(anonymous_21)
FN:24,(anonymous_22)
FNF:9
FNH:9
FNDA:2,(anonymous_14)
FNDA:3,(anonymous_15)
FNDA:3,(anonymous_16)
FNDA:16,(anonymous_17)
FNDA:4,(anonymous_18)
FNDA:4,(anonymous_19)
FNDA:4,(anonymous_20)
FNDA:4,(anonymous_21)
FNDA:2,(anonymous_22)
DA:1,2
DA:3,2
DA:5,2
DA:8,2
DA:14,2
DA:15,2
DA:18,2
DA:25,2
DA:27,2
DA:38,3
DA:39,3
DA:40,3
DA:41,3
DA:42,3
DA:43,1
DA:46,2
DA:47,2
DA:48,2
DA:49,0
DA:52,2
DA:53,4
DA:54,4
DA:55,4
DA:56,0
DA:59,4
DA:60,16
DA:63,2
DA:64,2
DA:67,4
DA:83,2
DA:84,2
DA:86,1
DA:87,1
DA:98,4
DA:99,4
DA:100,4
DA:101,4
DA:103,4
DA:105,4
DA:106,1
DA:109,4
DA:110,1
DA:113,3
DA:115,1
DA:116,1
DA:117,1
DA:122,0
DA:124,1
DA:125,1
DA:127,4
DA:146,1
DA:147,1
DA:149,3
DA:150,3
DA:155,2
LF:55
LH:52
BRDA:42,0,0,1
BRDA:48,1,0,0
BRDA:48,2,0,2
BRDA:48,2,1,2
BRDA:55,3,0,0
BRDA:55,4,0,4
BRDA:55,4,1,4
BRDA:105,5,0,1
BRDA:109,6,0,1
BRDA:117,7,0,0
BRDA:118,8,0,1
BRDA:118,8,1,1
BRDA:118,8,2,0
BRDA:118,8,3,0
BRDA:118,8,4,0
BRDA:118,8,5,0
BRDA:137,9,0,1
BRDA:137,9,1,0
BRDA:137,10,0,1
BRDA:137,10,1,1
BRF:20
BRH:12
end_of_record
TN:
SF:src/api/purchases/controllers.ts
FN:19,(anonymous_7)
FN:41,(anonymous_8)
FN:41,(anonymous_9)
FN:59,(anonymous_10)
FN:59,(anonymous_11)
FN:86,(anonymous_12)
FN:86,(anonymous_13)
FN:95,(anonymous_14)
FN:26,(anonymous_15)
FNF:9
FNH:9
FNDA:2,(anonymous_7)
FNDA:2,(anonymous_8)
FNDA:2,(anonymous_9)
FNDA:4,(anonymous_10)
FNDA:4,(anonymous_11)
FNDA:3,(anonymous_12)
FNDA:3,(anonymous_13)
FNDA:1,(anonymous_14)
FNDA:2,(anonymous_15)
DA:1,2
DA:2,2
DA:3,2
DA:5,2
DA:8,2
DA:10,2
DA:16,2
DA:17,2
DA:20,2
DA:27,2
DA:29,2
DA:31,2
DA:41,2
DA:42,2
DA:43,2
DA:44,2
DA:45,2
DA:47,0
DA:48,0
DA:59,4
DA:60,4
DA:61,4
DA:62,0
DA:65,4
DA:66,2
DA:69,2
DA:70,2
DA:71,1
DA:72,1
DA:74,3
DA:75,3
DA:86,3
DA:87,3
DA:88,3
DA:89,3
DA:90,3
DA:91,3
DA:96,1
DA:98,2
DA:100,2
DA:101,1
DA:102,1
DA:103,0
DA:105,1
DA:107,1
DA:109,2
DA:110,2
DA:115,2
LF:48
LH:44
BRDA:61,0,0,0
BRDA:65,1,0,2
BRDA:102,2,0,0
BRDA:102,2,1,1
BRF:4
BRH:2
end_of_record
TN:
SF:src/api/purchases/models.ts
FN:27,(anonymous_2)
FN:27,(anonymous_3)
FN:30,(anonymous_4)
FN:30,(anonymous_5)
FN:66,(anonymous_6)
FN:66,(anonymous_7)
FNF:6
FNH:6
FNDA:2,(anonymous_2)
FNDA:2,(anonymous_3)
FNDA:2,(anonymous_4)
FNDA:2,(anonymous_5)
FNDA:2,(anonymous_6)
FNDA:2,(anonymous_7)
DA:5,2
DA:6,2
DA:7,2
DA:12,2
DA:14,2
DA:17,2
DA:20,2
DA:23,2
DA:27,2
DA:28,2
DA:30,2
DA:31,2
DA:35,2
DA:37,2
DA:40,2
DA:43,2
DA:46,2
DA:49,2
DA:52,2
DA:55,2
DA:58,2
DA:61,2
DA:64,2
DA:66,2
DA:67,2
LF:25
LH:25
BRF:0
BRH:0
end_of_record
TN:
SF:src/api/users/models.ts
FN:19,(anonymous_2)
FN:19,(anonymous_3)
FNF:2
FNH:2
FNDA:2,(anonymous_2)
FNDA:2,(anonymous_3)
DA:4,2
DA:5,2
DA:6,2
DA:9,2
DA:11,2
DA:14,2
DA:17,2
DA:19,2
DA:20,2
LF:9
LH:9
BRF:0
BRH:0
end_of_record
TN:
SF:src/db-config/index.ts
FN:44,(anonymous_11)
FN:44,(anonymous_12)
FNF:2
FNH:2
FNDA:15,(anonymous_11)
FNDA:15,(anonymous_12)
DA:1,2
DA:2,2
DA:3,2
DA:5,2
DA:6,2
DA:14,2
DA:15,2
DA:22,2
DA:38,2
DA:44,15
DA:45,15
DA:47,2
DA:48,2
DA:49,2
DA:52,2
LF:15
LH:15
BRDA:45,0,0,13
BRF:1
BRH:1
end_of_record
TN:
SF:src/middleware/error-handler.ts
FN:24,(anonymous_0)
FN:51,(anonymous_1)
FNF:2
FNH:0
FNDA:0,(anonymous_0)
FNDA:0,(anonymous_1)
DA:2,2
DA:3,2
DA:5,2
DA:24,2
DA:30,0
DA:31,0
DA:40,0
DA:46,0
DA:47,0
DA:49,0
DA:50,0
DA:51,0
DA:52,0
DA:57,0
DA:66,0
DA:71,0
DA:72,0
DA:73,0
DA:82,0
DA:86,0
DA:87,0
DA:96,0
LF:22
LH:4
BRDA:30,0,0,0
BRDA:35,1,0,0
BRDA:35,1,1,0
BRDA:37,2,0,0
BRDA:37,2,1,0
BRDA:37,3,0,0
BRDA:37,3,1,0
BRDA:46,4,0,0
BRDA:46,5,0,0
BRDA:46,5,1,0
BRDA:50,6,0,0
BRDA:72,7,0,0
BRDA:72,8,0,0
BRDA:72,8,1,0
BRDA:76,9,0,0
BRDA:76,9,1,0
BRDA:76,10,0,0
BRDA:76,10,1,0
BRDA:77,11,0,0
BRDA:77,11,1,0
BRDA:77,11,2,0
BRDA:77,12,0,0
BRDA:77,12,1,0
BRDA:77,13,0,0
BRDA:77,13,1,0
BRDA:79,14,0,0
BRDA:79,14,1,0
BRDA:79,15,0,0
BRDA:79,15,1,0
BRDA:91,16,0,0
BRDA:91,16,1,0
BRDA:91,17,0,0
BRDA:91,17,1,0
BRDA:91,18,0,0
BRDA:91,18,1,0
BRDA:93,19,0,0
BRDA:93,19,1,0
BRDA:93,20,0,0
BRDA:93,20,1,0
BRF:39
BRH:0
end_of_record
TN:
SF:src/utils/index.ts
FN:10,(anonymous_4)
FNF:1
FNH:1
FNDA:3,(anonymous_4)
DA:1,2
DA:2,2
DA:3,2
DA:10,2
DA:11,3
DA:12,3
DA:14,0
LF:7
LH:6
BRDA:11,0,0,3
BRDA:11,1,0,3
BRDA:11,1,1,3
BRF:3
BRH:3
end_of_record
